<?xml version="1.0" encoding="UTF-8"?>
<!-- Generated by org.testng.reporters.JUnitReportReporter -->
<testsuite skipped="0" hostname="WKSWUPUN0946" name="com.dk.ui.TestOrder" tests="1" failures="0" timestamp="05 Mar 2020 12:07:13 GMT" time="17.764" errors="0">
  <testcase name="failedPaymentFlow" time="17.764" classname="com.dk.ui.TestOrder"/>
</testsuite> <!-- com.dk.ui.TestOrder -->
